<?xml version="1.0" encoding="UTF-8"?>
<testsuite name="CategoryTest" tests="4" skipped="0" failures="0" errors="0" timestamp="2015-07-30T16:40:07" hostname="Michaels-MacBook-Pro-2.local" time="0.282">
  <properties/>
  <testcase name="equals_returnsTrueIfNamesAretheSame" classname="CategoryTest" time="0.151"/>
  <testcase name="all_emptyAtFirst" classname="CategoryTest" time="0.062"/>
  <testcase name="find_findCategoryInDatabase_true" classname="CategoryTest" time="0.031"/>
  <testcase name="save_savesIntoDatabase_true" classname="CategoryTest" time="0.032"/>
  <system-out><![CDATA[]]></system-out>
  <system-err><![CDATA[]]></system-err>
</testsuite>
