<?xml version="1.0" encoding="UTF-8"?>
<testsuite name="CategoryTest" tests="5" skipped="0" failures="0" errors="0" timestamp="2015-07-31T16:28:52" hostname="Michaels-MacBook-Pro-2.local" time="0.362">
  <properties/>
  <testcase name="getTasks_retrievesALlTasksFromDatabase_tasksList" classname="CategoryTest" time="0.232"/>
  <testcase name="equals_returnsTrueIfNamesAretheSame" classname="CategoryTest" time="0.017"/>
  <testcase name="all_emptyAtFirst" classname="CategoryTest" time="0.024"/>
  <testcase name="find_findCategoryInDatabase_true" classname="CategoryTest" time="0.044"/>
  <testcase name="save_savesIntoDatabase_true" classname="CategoryTest" time="0.038"/>
  <system-out><![CDATA[17
17
17
17
17
17
]]></system-out>
  <system-err><![CDATA[]]></system-err>
</testsuite>
