<?xml version="1.0" encoding="UTF-8"?>
<testsuite name="CategoryTest" tests="5" skipped="0" failures="0" errors="0" timestamp="2015-07-30T17:59:03" hostname="Michaels-MacBook-Pro-2.local" time="0.381">
  <properties/>
  <testcase name="getTasks_retrievesALlTasksFromDatabase_tasksList" classname="CategoryTest" time="0.26"/>
  <testcase name="equals_returnsTrueIfNamesAretheSame" classname="CategoryTest" time="0.014"/>
  <testcase name="all_emptyAtFirst" classname="CategoryTest" time="0.026"/>
  <testcase name="find_findCategoryInDatabase_true" classname="CategoryTest" time="0.028"/>
  <testcase name="save_savesIntoDatabase_true" classname="CategoryTest" time="0.046"/>
  <system-out><![CDATA[13
13
13
13
13
13
]]></system-out>
  <system-err><![CDATA[]]></system-err>
</testsuite>
