<?xml version="1.0" encoding="UTF-8"?>
<testsuite name="TaskTest" tests="3" skipped="0" failures="0" errors="0" timestamp="2015-07-31T16:28:52" hostname="Michaels-MacBook-Pro-2.local" time="0.099">
  <properties/>
  <testcase name="save_savesCategoryIdIntoDB_true" classname="TaskTest" time="0.038"/>
  <testcase name="all_savesIntoDatabase_true" classname="TaskTest" time="0.023"/>
  <testcase name="find_findsTaskInDatabase_true" classname="TaskTest" time="0.036"/>
  <system-out><![CDATA[]]></system-out>
  <system-err><![CDATA[]]></system-err>
</testsuite>
